\BOOKMARK [1][-]{section.1}{Abstract}{}% 1
\BOOKMARK [1][-]{section.2}{Introduction}{}% 2
\BOOKMARK [1][-]{section.3}{Theory}{}% 3
\BOOKMARK [2][-]{subsection.3.1}{The Variational method}{section.3}% 4
\BOOKMARK [2][-]{subsection.3.2}{The Metropolis Algorithm}{section.3}% 5
\BOOKMARK [3][-]{subsubsection.3.2.1}{Metropolis- Hastings}{subsection.3.2}% 6
\BOOKMARK [2][-]{subsection.3.3}{Hamiltonian}{section.3}% 7
\BOOKMARK [2][-]{subsection.3.4}{Trial Wave Function}{section.3}% 8
\BOOKMARK [2][-]{subsection.3.5}{Non- interacting bosons in spherical HO}{section.3}% 9
\BOOKMARK [3][-]{subsubsection.3.5.1}{Drift Force}{subsection.3.5}% 10
\BOOKMARK [2][-]{subsection.3.6}{Interacting bosons in elliptical HO}{section.3}% 11
\BOOKMARK [2][-]{subsection.3.7}{Finding the optimal variational parameter}{section.3}% 12
\BOOKMARK [1][-]{section.4}{Implementation}{}% 13
\BOOKMARK [2][-]{subsection.4.1}{Sampling}{section.4}% 14
\BOOKMARK [2][-]{subsection.4.2}{Numerical Derivative}{section.4}% 15
\BOOKMARK [2][-]{subsection.4.3}{Post Analysis and Error Estimation}{section.4}% 16
\BOOKMARK [2][-]{subsection.4.4}{Parallelization}{section.4}% 17
\BOOKMARK [1][-]{section.5}{Results}{}% 18
\BOOKMARK [2][-]{subsection.5.1}{Non- interacting particles in SHO}{section.5}% 19
\BOOKMARK [3][-]{subsubsection.5.1.1}{Standard Metropolis Sampling}{subsection.5.1}% 20
\BOOKMARK [3][-]{subsubsection.5.1.2}{Analytic v. numerical derivative}{subsection.5.1}% 21
\BOOKMARK [3][-]{subsubsection.5.1.3}{Importance Sampling}{subsection.5.1}% 22
\BOOKMARK [3][-]{subsubsection.5.1.4}{Importance Sampling Time Step Dependence}{subsection.5.1}% 23
\BOOKMARK [2][-]{subsection.5.2}{Interacting particles in EHO}{section.5}% 24
\BOOKMARK [3][-]{subsubsection.5.2.1}{Steepest Descent Result}{subsection.5.2}% 25
\BOOKMARK [3][-]{subsubsection.5.2.2}{Time expenditure}{subsection.5.2}% 26
\BOOKMARK [2][-]{subsection.5.3}{The Jastrow factor and The Distribution of Bosons}{section.5}% 27
\BOOKMARK [1][-]{section.6}{Conclusion}{}% 28
\BOOKMARK [1][-]{section.7}{Appendix A}{}% 29
